2020-09-13 14:52:22,577 [      0]   INFO -        #com.intellij.idea.Main - ------------------------------------------------------ IDE STARTED ------------------------------------------------------ 
2020-09-13 14:52:22,635 [     58]   INFO -        #com.intellij.idea.Main - JNA library (64-bit) loaded in 49 ms 
2020-09-13 14:52:22,637 [     60]   INFO -        #com.intellij.idea.Main - IDE: Android Studio (build #AI-193.6911.18.40.6626763, 25 Jun 2020 05:42) 
2020-09-13 14:52:22,637 [     60]   INFO -        #com.intellij.idea.Main - OS: Windows 10 (10.0, amd64) 
2020-09-13 14:52:22,637 [     60]   INFO -        #com.intellij.idea.Main - JRE: 1.8.0_242-release-1644-b01 (JetBrains s.r.o) 
2020-09-13 14:52:22,637 [     60]   INFO -        #com.intellij.idea.Main - JVM: 25.242-b01 (OpenJDK 64-Bit Server VM) 
2020-09-13 14:52:22,638 [     61]   INFO -        #com.intellij.idea.Main - JVM Args: exit -Xms256m -Xmx1280m -XX:ReservedCodeCacheSize=240m -XX:+UseConcMarkSweepGC -XX:SoftRefLRUPolicyMSPerMB=50 -XX:CICompilerCount=2 -Dsun.io.useCanonPrefixCache=false -Djava.net.preferIPv4Stack=true -Djdk.http.auth.tunneling.disabledSchemes="" -Djdk.attach.allowAttachSelf=true -Dkotlinx.coroutines.debug=off -Djdk.module.illegalAccess.silent=true -Djna.nosys=true -Djna.boot.library.path= -Djb.vmOptionsFile=C:\Program Files\Android\Android Studio\bin\studio64.exe.vmoptions -Djava.library.path=C:\Program Files\Android\Android Studio\jre\jre\bin;C:\Program Files\Android\Android Studio\jre\jre\bin\server -Didea.platform.prefix=AndroidStudio -Didea.jre.check=true -Dide.native.launcher=true -Didea.paths.selector=AndroidStudio4.0 -XX:ErrorFile=C:\Users\user1\java_error_in_studio_%p.log -XX:HeapDumpPath=C:\Users\user1\java_error_in_studio.hprof 
2020-09-13 14:52:22,639 [     62]   INFO -        #com.intellij.idea.Main - ext: C:\Program Files\Android\Android Studio\jre\jre\lib\ext: [access-bridge-64.jar, cldrdata.jar, dnsns.jar, jaccess.jar, localedata.jar, meta-index, nashorn.jar, sunec.jar, sunjce_provider.jar, sunmscapi.jar, sunpkcs11.jar, zipfs.jar] 
2020-09-13 14:52:22,639 [     62]   INFO -        #com.intellij.idea.Main - charsets: JNU=Cp1255 file=Cp1255 
2020-09-13 14:52:22,651 [     74]   INFO -        #com.intellij.idea.Main - CPU cores: 8; ForkJoinPool.commonPool: java.util.concurrent.ForkJoinPool@4a64c255[Running, parallelism = 7, size = 0, active = 0, running = 0, steals = 0, tasks = 0, submissions = 0]; factory: com.intellij.concurrency.IdeaForkJoinWorkerThreadFactory@785f670a 
2020-09-13 14:52:22,835 [    258]   INFO - penapi.util.io.win32.IdeaWin32 - Native filesystem for Windows is operational 
2020-09-13 14:52:25,036 [   2459]   INFO - llij.ide.plugins.PluginManager - Plugin "Groovy" misses optional descriptor duplicates-groovy.xml 
2020-09-13 14:52:25,038 [   2461]   INFO - llij.ide.plugins.PluginManager - Plugin "Groovy" misses optional descriptor duplicates-detection-groovy.xml 
2020-09-13 14:52:25,116 [   2539]   INFO - llij.ide.plugins.PluginManager - Plugin "Java" misses optional descriptor profiler-java.xml 
2020-09-13 14:52:25,192 [   2615]   INFO - llij.ide.plugins.PluginManager - Loaded bundled plugins: Android APK Support (1.0), Android Games (1.0), Android NDK Support (1.0), Android Support (10.4.0.1), App Links Assistant (0.1), ChangeReminder (193.6911.18.40.6626763), Compose (0.1.0-dev03), Configuration Script (193.6911.18.40.6626763), Copyright (193.6911.18.40.6626763), Coverage (193.6911.18.40.6626763), EditorConfig (193.6911.18.40.6626763), Firebase App Indexing (0.1), Firebase Services (0.1), Firebase Testing (1.0), Git (193.6911.18.40.6626763), GitHub (193.6911.18.40.6626763), Google Cloud Tools Core (0.2.8), Google Cloud Tools For Android Studio (0.2.8), Google Developers Samples (0.3.1), Google Login (1.0), Google Services (0.1), Gradle (193.6911.18.40.6626763), Gradle-Java (193.6911.18.40.6626763), Groovy (193.6911.18.40.6626763), IDEA CORE (193.6911.18.40.6626763), IntelliLang (193.6911.18.40.6626763), JUnit (193.6911.18.40.6626763), Java (193.6911.18.40.6626763), Java Bytecode Decompiler (193.6911.18.40.6626763), Java IDE Customization (193.6911.18.40.6626763), Java Internationalization (193.6911.18.40.6626763), Java Stream Debugger (193.6911.18.40.6626763), Kotlin (1.3.72-release-Studio4.0-5), Layoutlib Native (1.0), Layoutlib Standard (1.0), Mercurial (193.6911.18.40.6626763), Properties (193.6911.18.40.6626763), Settings Repository (193.6911.18.40.6626763), Shell Script (193.6911.18.40.6626763), Smali Support (193.6911.18.40.6626763), Subversion (193.6911.18.40.6626763), Task Management (193.6911.18.40.6626763), Terminal (193.6911.18.40.6626763), Test Recorder (1.0), TestNG (193.6911.18.40.6626763), TextMate bundles (193.6911.18.40.6626763), YAML (193.6911.18.40.6626763) 
2020-09-13 14:52:25,647 [   3070]   INFO - fs.newvfs.persistent.FSRecords - Marking VFS as corrupted: 'C:\Users\user1\.AndroidStudio4.0\system\caches\names.dat' does not exist 
2020-09-13 14:52:25,649 [   3072]   INFO - ellij.util.io.PagedFileStorage - lower=100; upper=500; buffer=10; max=1217 
2020-09-13 14:52:25,663 [   3086]   INFO - com.intellij.ide.ui.UISettings - Loaded: fontSize=13, fontScale=1.0; restored: fontSize=13, fontScale=1.0 
2020-09-13 14:52:25,666 [   3089]   INFO - tellij.util.io.FileChannelUtil - interruptible FileChannel-s will be used for indexes 
2020-09-13 14:52:25,696 [   3119]   INFO - rains.ide.BuiltInServerManager - built-in server started, port 63342 
2020-09-13 14:52:25,709 [   3132]   INFO - .history.utils.LocalHistoryLog - local history version mismatch (was: 0, expected: 6), rebuilding... 
2020-09-13 14:52:25,709 [   3132]   INFO - .history.utils.LocalHistoryLog - FS has been rebuild, rebuilding local history... 
2020-09-13 14:52:25,740 [   3163]   INFO - gs.impl.UpdateCheckerComponent - channel: release 
2020-09-13 14:52:25,743 [   3166]   INFO - pl.local.NativeFileWatcherImpl - Starting file watcher: C:\Program Files\Android\Android Studio\bin\fsnotifier64.exe 
2020-09-13 14:52:25,754 [   3177]   INFO - til.net.ssl.CertificateManager - Default SSL context initialized 
2020-09-13 14:52:25,775 [   3198]   INFO - pl.local.NativeFileWatcherImpl - Native file watcher is operational. 
2020-09-13 14:52:25,860 [   3283]   WARN - nSystem.impl.ActionManagerImpl - keymap "ReSharper" not found [Plugin: com.android.tools.ndk] 
2020-09-13 14:52:26,087 [   3510]   INFO - ij.psi.stubs.StubUpdatingIndex - Following new file types will be indexed:CLASS,kotlin_builtins,Properties,HTML,DGM,GDBCommands,XML,KJSM,KNM,Groovy,Kotlin,LLDBCommands,JAVA 
2020-09-13 14:52:26,376 [   3799]   INFO - il.indexing.FileBasedIndexImpl - Indices to be built:FrameworkDetectionIndex,TodoIndex,IdIndex,FilenameIndex,filetypes,Stubs,Trigram.Index,fileIncludes,DomFileIndex,RelaxSymbolIndex,XmlTagNames,XmlNamespaces,html5.custom.attributes.index,SchemaTypeInheritance,json.file.root.values,ImageFileInfoIndex,bytecodeAnalysis,java.auto.module.name,java.source.module.name,java.null.method.argument,java.simple.property,java.fun.expression,java.binary.plus.expression,RefQueueIndex,xmlProperties,GroovyDslFileIndex,groovy.trait.fields,groovy.trait.methods,org.jetbrains.kotlin.idea.versions.KotlinJvmMetadataVersionIndex,org.jetbrains.kotlin.idea.versions.KotlinJsMetadataVersionIndex,org.jetbrains.kotlin.idea.vfilefinder.KotlinClassFileIndex,org.jetbrains.kotlin.idea.vfilefinder.KotlinJavaScriptMetaFileIndex,org.jetbrains.kotlin.idea.vfilefinder.KotlinMetadataFileIndex,org.jetbrains.kotlin.idea.vfilefinder.KotlinMetadataFilePackageIndex,org.jetbrains.kotlin.idea.vfilefinder.KotlinModuleMappingIndex,org.jetbrains.kotlin.idea.vfilefinder.KotlinPackageSourcesMemberNamesIndex,org.jetbrains.kotlin.idea.vfilefinder.KotlinJvmModuleAnnotationsIndex,org.jetbrains.kotlin.ide.konan.index.KotlinNativeMetaFileIndex,com.android.tools.idea.model.AndroidManifestIndex$Companion$NAME$1.NAME,BindingXmlIndex,MlModelFileIndex,FileNameWithoutExtensionIndex,android.ndk.jni.nativemethodindex,editorconfig.index.name,yaml.keys.name 
2020-09-13 14:52:26,379 [   3802]   INFO - pl$FileIndexDataInitialization - Initialization done: 703 
2020-09-13 14:52:26,597 [   4020]   INFO - tellij.psi.stubs.StubIndexImpl - Following stub indices will be built:dom.namespaceKey,dom.elementClass,java.annotations,java.class.extlist,java.field.name,java.method.name,jvm.static.member.name,jvm.static.member.type,java.anonymous.baseref,java.method.parameter.types,java.class.shortname,java.class.fqn,java.module.name,properties.index,gr.class.fqn,gr.script.fqn,gr.field.name,gr.method.name,gr.annot.method.name,gr.annot.members,gr.script.class,gr.class.super,gr.anonymous.class,org.jetbrains.kotlin.idea.stubindex.KotlinExactPackagesIndex,org.jetbrains.kotlin.idea.stubindex.KotlinTopLevelClassByPackageIndex,org.jetbrains.kotlin.idea.stubindex.KotlinTopLevelFunctionByPackageIndex,org.jetbrains.kotlin.idea.stubindex.KotlinTopLevelPropertyByPackageIndex,org.jetbrains.kotlin.idea.stubindex.KotlinTopLevelTypeAliasByPackageIndex,org.jetbrains.kotlin.idea.stubindex.KotlinClassShortNameIndex,org.jetbrains.kotlin.idea.stubindex.KotlinFullClassNameIndex,org.jetbrains.kotlin.idea.stubindex.KotlinPropertyShortNameIndex,org.jetbrains.kotlin.idea.stubindex.KotlinFunctionShortNameIndex,org.jetbrains.kotlin.idea.stubindex.KotlinTypeAliasShortNameIndex,org.jetbrains.kotlin.idea.stubindex.KotlinSuperClassIndex,org.jetbrains.kotlin.idea.stubindex.KotlinTopLevelFunctionFqnNameIndex,org.jetbrains.kotlin.idea.stubindex.KotlinTopLevelPropertyFqnNameIndex,org.jetbrains.kotlin.idea.stubindex.KotlinTopLevelTypeAliasFqNameIndex,org.jetbrains.kotlin.idea.stubindex.KotlinTopLevelExtensionsByReceiverTypeIndex,org.jetbrains.kotlin.idea.stubindex.KotlinAnnotationsIndex,org.jetbrains.kotlin.idea.stubindex.KotlinProbablyNothingFunctionShortNameIndex,org.jetbrains.kotlin.idea.stubindex.KotlinProbablyNothingPropertyShortNameIndex,org.jetbrains.kotlin.idea.stubindex.KotlinProbablyContractedFunctionShortNameIndex,org.jetbrains.kotlin.idea.stubindex.KotlinFileFacadeFqNameIndex,org.jetbrains.kotlin.idea.stubindex.KotlinFilePartClassIndex,org.jetbrains.kotlin.idea.stubindex.KotlinFileFacadeClassByPackageIndex,org.jetbrains.kotlin.idea.stubindex.KotlinFileFacadeShortNameIndex,org.jetbrains.kotlin.idea.stubindex.KotlinMultifileClassPartIndex,org.jetbrains.kotlin.idea.stubindex.KotlinScriptFqnIndex,org.jetbrains.kotlin.idea.stubindex.KotlinTypeAliasByExpansionShortNameIndex,org.jetbrains.kotlin.idea.stubindex.KotlinOverridableInternalMembersShortNameIndex 
2020-09-13 14:52:26,597 [   4020]   INFO - exImpl$StubIndexInitialization - Initialization done: 217 
2020-09-13 14:52:29,917 [   7340]   INFO - s.RepoProgressIndicatorAdapter - Downloading https://dl.google.com/android/repository/addons_list-3.xml 
2020-09-13 14:52:30,277 [   7700]   INFO - s.RepoProgressIndicatorAdapter - File C:\Users\user1\.android\repositories.cfg could not be loaded. 
2020-09-13 14:52:30,291 [   7714]   INFO - s.RepoProgressIndicatorAdapter - Downloading https://dl.google.com/android/repository/sys-img/google_apis/sys-img2-1.xml 
2020-09-13 14:52:30,291 [   7714]   INFO - s.RepoProgressIndicatorAdapter - Downloading https://dl.google.com/android/repository/sys-img/android-tv/sys-img2-1.xml 
2020-09-13 14:52:30,291 [   7714]   INFO - s.RepoProgressIndicatorAdapter - Downloading https://dl.google.com/android/repository/repository2-1.xml 
2020-09-13 14:52:30,292 [   7715]   INFO - s.RepoProgressIndicatorAdapter - Downloading https://dl.google.com/android/repository/addon2-1.xml 
2020-09-13 14:52:30,292 [   7715]   INFO - s.RepoProgressIndicatorAdapter - Downloading https://dl.google.com/android/repository/extras/intel/addon2-1.xml 
2020-09-13 14:52:30,292 [   7715]   INFO - s.RepoProgressIndicatorAdapter - Downloading https://dl.google.com/android/repository/glass/addon2-1.xml 
2020-09-13 14:52:30,293 [   7716]   INFO - s.RepoProgressIndicatorAdapter - Downloading https://dl.google.com/android/repository/sys-img/android-automotive/sys-img2-1.xml 
2020-09-13 14:52:30,293 [   7716]   INFO - s.RepoProgressIndicatorAdapter - Downloading https://dl.google.com/android/repository/sys-img/google_apis_playstore/sys-img2-1.xml 
2020-09-13 14:52:30,293 [   7716]   INFO - s.RepoProgressIndicatorAdapter - Downloading https://dl.google.com/android/repository/sys-img/android/sys-img2-1.xml 
2020-09-13 14:52:30,294 [   7717]   INFO - s.RepoProgressIndicatorAdapter - Downloading https://dl.google.com/android/repository/sys-img/android-wear/sys-img2-1.xml 
2020-09-13 14:52:30,294 [   7717]   INFO - s.RepoProgressIndicatorAdapter - Downloading https://dl.google.com/android/repository/sys-img/android-wear-cn/sys-img2-1.xml 
2020-09-13 14:52:30,987 [   8410]   WARN - vdmanager.AvdManagerConnection - No Android SDK Found 
2020-09-13 14:52:31,187 [   8610]   INFO - .startup.AndroidSdkInitializer - Found Studio home directory at: 'C:\Program Files\Android\Android Studio' 
2020-09-13 14:52:31,188 [   8611]   INFO - .startup.AndroidSdkInitializer - Looking for Android SDK at 'C:/Program Files/Android/Android Studio/sdk' 
2020-09-13 14:52:31,189 [   8612]   INFO - .startup.AndroidSdkInitializer - Looking for Android SDK at 'C:/Program Files/Android/sdk' 
2020-09-13 14:52:31,189 [   8612]   INFO - .startup.AndroidSdkInitializer - Unable to locate SDK within the Android studio installation. 
2020-09-13 14:52:31,190 [   8613]   INFO - .startup.AndroidSdkInitializer - Examined and not found a valid Android SDK path: ANDROID_HOME environment variable 
2020-09-13 14:52:31,190 [   8613]   INFO - .startup.AndroidSdkInitializer - Examined and not found a valid Android SDK path: ANDROID_SDK_ROOT environment variable 
2020-09-13 14:52:31,190 [   8613]   INFO - .startup.AndroidSdkInitializer - Examined and not found a valid Android SDK path: Last SDK used by Android tools 
2020-09-13 14:52:31,190 [   8613]   INFO - .startup.AndroidSdkInitializer - Found Studio home directory at: 'C:\Program Files\Android\Android Studio' 
2020-09-13 14:52:31,190 [   8613]   INFO - .startup.AndroidSdkInitializer - Looking for Android SDK at 'C:/Program Files/Android/Android Studio/sdk' 
2020-09-13 14:52:31,190 [   8613]   INFO - .startup.AndroidSdkInitializer - Looking for Android SDK at 'C:/Program Files/Android/sdk' 
2020-09-13 14:52:31,191 [   8614]   INFO - .startup.AndroidSdkInitializer - Unable to locate SDK within the Android studio installation. 
2020-09-13 14:52:31,191 [   8614]   INFO - .startup.AndroidSdkInitializer - Examined and not found a valid Android SDK path: ANDROID_HOME environment variable 
2020-09-13 14:52:31,191 [   8614]   INFO - .startup.AndroidSdkInitializer - Examined and not found a valid Android SDK path: ANDROID_SDK_ROOT environment variable 
2020-09-13 14:52:31,191 [   8614]   INFO - .startup.AndroidSdkInitializer - Examined and not found a valid Android SDK path: Last SDK used by Android tools 
2020-09-13 14:53:22,264 [  59687]   INFO - rationStore.ComponentStoreImpl - Saving appDaemonCodeAnalyzerSettings took 20 ms, DebuggerSettings took 22 ms 
2020-09-13 14:56:08,711 [ 226134]   INFO - rd.FirstRunWizardFrameProvider - Overriding welcome frame to be resizable 
2020-09-13 14:57:12,033 [ 289456]   WARN - ess.util.ProgressIndicatorBase - This progress indicator is indeterminate, this may lead to visual inconsistency. Please call setIndeterminate(false) before you start progress.
com.intellij.util.download.impl.FileDownloaderImpl$ConcurrentTasksProgressManager.updateFraction(FileDownloaderImpl.java:328) 
2020-09-13 14:57:13,462 [ 290885]   INFO - plication.impl.ApplicationImpl - LONG VFS PROCESSING. Topic=NewVirtualFileSystem changes, offender=class com.intellij.openapi.vfs.newvfs.AsyncEventSupport$1, message=after, time=133ms 
2020-09-13 14:57:15,140 [ 292563]   INFO - rojectCodeStyleSettingsManager - Initialized from default code style settings. 
2020-09-13 14:57:16,306 [ 293729]   INFO - rnal.statistic.DeviceIdManager - Generating new Device ID 
2020-09-13 14:57:16,307 [ 293730]   INFO - eventLog.EventLogConfiguration - Generating salt for the device 
2020-09-13 14:57:16,543 [ 293966]   INFO - artup.AndroidStudioInitializer - Failed to disable 'org.intellij.plugins.intelliLang.inject.groovy.GrConcatenationInjector' 
2020-09-13 14:57:16,553 [ 293976]   INFO - j.ide.script.IdeStartupScripts - 0 startup script(s) found 
2020-09-13 14:57:16,572 [ 293995]   WARN - WindowsPerformanceHintsChecker - Error retrieving status of virus checker 
java.io.IOException: Error code 2: The system cannot find the file specified.
	at com.android.tools.idea.diagnostics.windows.WindowsDefenderRegistryStatusProvider.getRealtimeScanningStatus(WindowsDefenderRegistryStatusProvider.java:72)
	at com.android.tools.idea.diagnostics.WindowsPerformanceHintsChecker.checkWindowsDefender(WindowsPerformanceHintsChecker.java:122)
	at com.android.tools.idea.diagnostics.WindowsPerformanceHintsChecker.access$000(WindowsPerformanceHintsChecker.java:66)
	at com.android.tools.idea.diagnostics.WindowsPerformanceHintsChecker$1.lambda$projectOpened$0(WindowsPerformanceHintsChecker.java:92)
	at com.intellij.openapi.application.impl.ApplicationImpl$1.run(ApplicationImpl.java:238)
	at java.util.concurrent.Executors$RunnableAdapter.call(Executors.java:511)
	at java.util.concurrent.FutureTask.run(FutureTask.java:266)
	at java.util.concurrent.ThreadPoolExecutor.runWorker(ThreadPoolExecutor.java:1149)
	at java.util.concurrent.ThreadPoolExecutor$Worker.run(ThreadPoolExecutor.java:624)
	at java.lang.Thread.run(Thread.java:748)
Caused by: com.sun.jna.platform.win32.Win32Exception: The system cannot find the file specified.
	at com.sun.jna.platform.win32.Advapi32Util.registryGetIntValue(Advapi32Util.java:1094)
	at com.sun.jna.platform.win32.Advapi32Util.registryGetIntValue(Advapi32Util.java:1069)
	at com.sun.jna.platform.win32.Advapi32Util.registryGetIntValue(Advapi32Util.java:1044)
	at com.android.tools.idea.diagnostics.windows.WindowsDefenderRegistryStatusProvider.getRealtimeScanningStatus(WindowsDefenderRegistryStatusProvider.java:65)
	... 9 more
2020-09-13 14:57:16,588 [ 294011]   INFO - WindowsPerformanceHintsChecker - Windows Defender status: UNKNOWN_STATUS; projectDirExcluded? false 
2020-09-13 14:57:18,153 [ 295576]   INFO - tInitializationStartupActivity - New project initialization requested. 
2020-09-13 14:57:18,153 [ 295576]   INFO - tInitializationStartupActivity - Scheduling new project initialization. 
2020-09-13 14:57:18,154 [ 295577]   INFO - idea.npw.model.NewProjectModel - Rendering a new project. 
2020-09-13 14:57:18,163 [ 295586]   INFO - pw.model.MultiTemplateRenderer - Generating sources. 
2020-09-13 14:57:18,201 [ 295624]   INFO - testKnownPluginVersionProvider - 'gradle' plugin missing from the offline Maven repo, will use default 4.0.1 
2020-09-13 14:57:18,216 [ 295639]   INFO - testKnownPluginVersionProvider - 'gradle' plugin missing from the offline Maven repo, will use default 4.0.1 
2020-09-13 14:57:18,217 [ 295640]   INFO - testKnownPluginVersionProvider - 'gradle' plugin missing from the offline Maven repo, will use default 4.0.1 
2020-09-13 14:57:18,243 [ 295666]   INFO - testKnownPluginVersionProvider - 'gradle' plugin missing from the offline Maven repo, will use default 4.0.1 
2020-09-13 14:57:18,243 [ 295666]   INFO - testKnownPluginVersionProvider - 'gradle' plugin missing from the offline Maven repo, will use default 4.0.1 
2020-09-13 14:57:18,316 [ 295739]   INFO - testKnownPluginVersionProvider - 'gradle' plugin missing from the offline Maven repo, will use default 4.0.1 
2020-09-13 14:57:18,716 [ 296139]   INFO - .diagnostic.PerformanceWatcher - Pushing properties took 1ms; general responsiveness: ok; EDT responsiveness: ok 
2020-09-13 14:57:18,864 [ 296287]   WARN - ugins.textmate.TextMateService - Missing builtin bundles, checked: 
C:/Users/user1/.AndroidStudio4.0/config/plugins/textmate/lib/bundles
C:/Program Files/Android/Android Studio/plugins/textmate/lib/bundles 
2020-09-13 14:57:19,255 [ 296678]   INFO - .diagnostic.PerformanceWatcher - Indexable file iteration took 536ms; general responsiveness: ok; EDT responsiveness: ok 
2020-09-13 14:57:19,257 [ 296680]   INFO - indexing.UnindexedFilesUpdater - Unindexed files update started: 212 files to update 
2020-09-13 14:57:19,899 [ 297322]   INFO - pl.ProjectRootManagerComponent - project roots have changed 
2020-09-13 14:57:19,906 [ 297329]   INFO - indexing.UnindexedFilesUpdater - Unindexed files update canceled 
2020-09-13 14:57:19,918 [ 297341]   INFO - .diagnostic.PerformanceWatcher - Pushing properties took 5ms; general responsiveness: ok; EDT responsiveness: ok 
2020-09-13 14:57:19,954 [ 297377]   INFO - .diagnostic.PerformanceWatcher - Indexable file iteration took 36ms; general responsiveness: ok; EDT responsiveness: ok 
2020-09-13 14:57:19,955 [ 297378]   INFO - indexing.UnindexedFilesUpdater - Unindexed files update started: 207 files to update 
2020-09-13 14:57:20,299 [ 297722]   INFO - testKnownPluginVersionProvider - 'gradle' plugin missing from the offline Maven repo, will use default 4.0.1 
2020-09-13 14:57:20,300 [ 297723]   INFO - testKnownPluginVersionProvider - 'gradle' plugin missing from the offline Maven repo, will use default 4.0.1 
2020-09-13 14:57:20,300 [ 297723]   INFO - testKnownPluginVersionProvider - 'gradle' plugin missing from the offline Maven repo, will use default 4.0.1 
2020-09-13 14:57:20,301 [ 297724]   INFO - testKnownPluginVersionProvider - 'gradle' plugin missing from the offline Maven repo, will use default 4.0.1 
2020-09-13 14:57:20,304 [ 297727]   INFO - testKnownPluginVersionProvider - 'gradle' plugin missing from the offline Maven repo, will use default 4.0.1 
2020-09-13 14:57:20,304 [ 297727]   INFO - testKnownPluginVersionProvider - 'gradle' plugin missing from the offline Maven repo, will use default 4.0.1 
2020-09-13 14:57:20,306 [ 297729]   INFO - testKnownPluginVersionProvider - 'gradle' plugin missing from the offline Maven repo, will use default 4.0.1 
2020-09-13 14:57:20,306 [ 297729]   INFO - testKnownPluginVersionProvider - 'gradle' plugin missing from the offline Maven repo, will use default 4.0.1 
2020-09-13 14:57:20,307 [ 297730]   INFO - testKnownPluginVersionProvider - 'gradle' plugin missing from the offline Maven repo, will use default 4.0.1 
2020-09-13 14:57:29,868 [ 307291]   WARN - .diagnostic.PerformanceWatcher - UI freezed for 6401ms, details saved to C:\Users\user1\.AndroidStudio4.0\system\log\threadDumps-freeze-20200913-145723-AI-193.6911.18.40.6626763-CompositeElement.rawAddChildrenWithoutNotifications-6sec 
2020-09-13 14:57:30,724 [ 308147]   INFO - pw.model.MultiTemplateRenderer - Generate sources completed. 
2020-09-13 14:57:30,727 [ 308150]   INFO - pw.model.MultiTemplateRenderer - Finishing generating sources. 
2020-09-13 14:57:30,956 [ 308379]   INFO - pl.ProjectRootManagerComponent - project roots have changed 
2020-09-13 14:57:31,004 [ 308427]   INFO - pl.ProjectRootManagerComponent - project roots have changed 
2020-09-13 14:57:31,246 [ 308669]   INFO - pl.ProjectRootManagerComponent - project roots have changed 
2020-09-13 14:57:31,276 [ 308699]   INFO - indexing.UnindexedFilesUpdater - Unindexed files update canceled 
2020-09-13 14:57:32,591 [ 310014]   INFO - .diagnostic.PerformanceWatcher - Pushing properties took 585ms; general responsiveness: ok; EDT responsiveness: 1/1 sluggish 
2020-09-13 14:57:33,415 [ 310838]   INFO - ngd.lsp.ClangDaemonContextImpl - Using clangd from: C:\Program Files\Android\Android Studio\bin\clang\win\clangd.exe 
2020-09-13 14:57:33,563 [ 310986]   INFO - .diagnostic.PerformanceWatcher - Post-startup activities under progress took 15445ms; general responsiveness: ok; EDT responsiveness: 5/17 sluggish, 8/17 very slow 
2020-09-13 14:57:33,731 [ 311154]   INFO - .deployment.AsyncDevicesGetter - adb not found 
2020-09-13 14:57:33,947 [ 311370]   INFO - ssistant.WhatsNewBundleCreator - Remote WNA config file not found 
java.io.FileNotFoundException: https://developer.android.com/studio/releases/assistant/4.0.1.xml
	at sun.net.www.protocol.http.HttpURLConnection.getInputStream0(HttpURLConnection.java:1896)
	at sun.net.www.protocol.http.HttpURLConnection.getInputStream(HttpURLConnection.java:1498)
	at sun.net.www.protocol.https.HttpsURLConnectionImpl.getInputStream(HttpsURLConnectionImpl.java:268)
	at com.android.tools.idea.whatsnew.assistant.WhatsNewBundleCreator.downloadConfig(WhatsNewBundleCreator.java:250)
	at com.android.tools.idea.whatsnew.assistant.WhatsNewBundleCreator.updateConfig(WhatsNewBundleCreator.java:238)
	at com.android.tools.idea.whatsnew.assistant.WhatsNewBundleCreator.getBundle(WhatsNewBundleCreator.java:125)
	at com.android.tools.idea.whatsnew.assistant.WhatsNewBundleCreator.getBundle(WhatsNewBundleCreator.java:46)
	at com.android.tools.idea.assistant.AssistantGetBundleTask.run(AssistantGetBundleTask.kt:18)
	at com.intellij.openapi.progress.impl.CoreProgressManager$TaskRunnable.run(CoreProgressManager.java:888)
	at com.intellij.openapi.progress.impl.CoreProgressManager.lambda$runProcess$2(CoreProgressManager.java:163)
	at com.intellij.openapi.progress.impl.CoreProgressManager.registerIndicatorAndRun(CoreProgressManager.java:585)
	at com.intellij.openapi.progress.impl.CoreProgressManager.executeProcessUnderProgress(CoreProgressManager.java:531)
	at com.intellij.openapi.progress.impl.ProgressManagerImpl.executeProcessUnderProgress(ProgressManagerImpl.java:59)
	at com.intellij.openapi.progress.impl.CoreProgressManager.runProcess(CoreProgressManager.java:150)
	at com.intellij.openapi.progress.impl.CoreProgressManager$4.lambda$run$0(CoreProgressManager.java:402)
	at com.intellij.util.ConcurrencyUtil.runUnderThreadName(ConcurrencyUtil.java:221)
	at com.intellij.openapi.progress.impl.CoreProgressManager$4.run(CoreProgressManager.java:402)
	at com.intellij.openapi.application.impl.ApplicationImpl$1.run(ApplicationImpl.java:238)
	at java.util.concurrent.Executors$RunnableAdapter.call(Executors.java:511)
	at java.util.concurrent.FutureTask.run(FutureTask.java:266)
	at java.util.concurrent.ThreadPoolExecutor.runWorker(ThreadPoolExecutor.java:1149)
	at java.util.concurrent.ThreadPoolExecutor$Worker.run(ThreadPoolExecutor.java:624)
	at java.lang.Thread.run(Thread.java:748)
2020-09-13 14:57:34,203 [ 311626]   INFO - tartup.impl.StartupManagerImpl - C:/Users/user1/AndroidStudioProjects/MyApplication/.idea case-sensitivity: expected=false actual=false 
2020-09-13 14:57:36,381 [ 313804]   INFO - .deployment.AsyncDevicesGetter - adb not found 
2020-09-13 14:57:36,502 [ 313925]   INFO - tor.impl.FileEditorManagerImpl - Project opening took 22980 ms 
2020-09-13 14:57:36,755 [ 314178]   INFO - .deployment.AsyncDevicesGetter - adb not found 
2020-09-13 14:57:39,483 [ 316906]   INFO - j.ide.plugins.RepositoryHelper - using cached plugin list (updated at 13/09/2020 14:52) 
2020-09-13 14:57:39,858 [ 317281]   INFO - .diagnostic.PerformanceWatcher - Indexable file iteration took 7267ms; general responsiveness: ok; EDT responsiveness: 1/7 sluggish, 1/7 very slow 
2020-09-13 14:57:39,871 [ 317294]   INFO - indexing.UnindexedFilesUpdater - Unindexed files update started: 23982 files to update 
2020-09-13 14:57:59,060 [ 336483]   INFO - .diagnostic.PerformanceWatcher - Unindexed files update took 19190ms; general responsiveness: ok; EDT responsiveness: ok 
2020-09-13 14:57:59,089 [ 336512]   INFO -       #com.jetbrains.cidr.lang - Clearing symbols finished in 22 ms 
2020-09-13 14:57:59,105 [ 336528]   INFO -       #com.jetbrains.cidr.lang - Building symbols in FAST mode, 0 source files from total 0 project files 
2020-09-13 14:57:59,150 [ 336573]   INFO - .deployment.AsyncDevicesGetter - adb not found 
2020-09-13 14:57:59,802 [ 337225]   INFO -       #com.jetbrains.cidr.lang - Loading symbols finished in 712 ms 
2020-09-13 14:57:59,820 [ 337243]   INFO -       #com.jetbrains.cidr.lang - Loading Header Maps finished in 18 ms 
2020-09-13 14:57:59,893 [ 337316]   INFO -       #com.jetbrains.cidr.lang - Loading Module Maps finished in 71 ms 
2020-09-13 14:57:59,895 [ 337318]   INFO -       #com.jetbrains.cidr.lang - Loaded 0 module maps in 0 packs for 0 search roots 
2020-09-13 14:57:59,898 [ 337321]   INFO -       #com.jetbrains.cidr.lang - Saved 0 module maps in 0 packs 
2020-09-13 14:57:59,899 [ 337322]   INFO -       #com.jetbrains.cidr.lang - Saving Module Maps finished in 2 ms 
2020-09-13 14:57:59,899 [ 337322]   INFO -       #com.jetbrains.cidr.lang - Loaded 0 tables for 0 files (0 project files) 
2020-09-13 14:57:59,900 [ 337323]   INFO -       #com.jetbrains.cidr.lang - Building symbols for 0 source files 
2020-09-13 14:57:59,924 [ 337347]   INFO -       #com.jetbrains.cidr.lang - Updating Symbols finished in 16 ms 
2020-09-13 14:57:59,924 [ 337347]   INFO -       #com.jetbrains.cidr.lang - Building symbols for 0 unused headers 
2020-09-13 14:57:59,926 [ 337349]   INFO -       #com.jetbrains.cidr.lang - Updating Symbols finished in 2 ms 
2020-09-13 14:57:59,927 [ 337350]   INFO -       #com.jetbrains.cidr.lang - Updating Symbols finished in 3 ms 
2020-09-13 14:57:59,931 [ 337354]   INFO -       #com.jetbrains.cidr.lang - Saving modified symbols for 0 files (0 tables of total 0) 
2020-09-13 14:57:59,940 [ 337363]   INFO -       #com.jetbrains.cidr.lang - Saving symbols finished in 9 ms 
2020-09-13 14:57:59,944 [ 337367]   INFO - g.FileBasedIndexProjectHandler - Reindexing refreshed files: 1 to update, calculated in 2ms 
2020-09-13 14:57:59,951 [ 337374]   INFO - .diagnostic.PerformanceWatcher - Reindexing refreshed files took 7ms; general responsiveness: ok; EDT responsiveness: ok 
2020-09-13 14:58:00,015 [ 337438]   INFO - ge.ExternalProjectsDataStorage - Load external projects data in 37 millis (read time: 10) 
2020-09-13 14:58:00,256 [ 337679]   INFO - .deployment.AsyncDevicesGetter - adb not found 
2020-09-13 14:58:00,912 [ 338335]   INFO - .deployment.AsyncDevicesGetter - adb not found 
2020-09-13 14:58:00,987 [ 338410]   INFO - e.project.sync.GradleSyncState - Started single-variant sync with Gradle for project 'My Application'. 
2020-09-13 14:58:01,959 [ 339382]   INFO - CompilerWorkspaceConfiguration - Available processors: 8 
2020-09-13 14:58:02,703 [ 340126]   WARN - com.intellij.util.xmlb.Binding - no accessors for class org.jetbrains.kotlin.idea.highlighter.KotlinDefaultHighlightingSettingsProvider 
2020-09-13 14:58:02,788 [ 340211]   INFO - s.plugins.gradle.GradleManager - Instructing gradle to use java from C:/Program Files/Android/Android Studio/jre 
2020-09-13 14:58:02,800 [ 340223]   INFO - s.plugins.gradle.GradleManager - Instructing gradle to use java from C:/Program Files/Android/Android Studio/jre 
2020-09-13 14:58:03,441 [ 340864]   INFO - .deployment.AsyncDevicesGetter - adb not found 
2020-09-13 14:58:03,755 [ 341178]   INFO - .deployment.AsyncDevicesGetter - adb not found 
2020-09-13 14:59:02,996 [ 400419]   INFO - testKnownPluginVersionProvider - 'gradle' plugin missing from the offline Maven repo, will use default 4.0.1 
2020-09-13 14:59:03,011 [ 400434]   INFO - oject.common.GradleInitScripts - init script file sync.studio.tooling contents "initscript {\n    dependencies {\n        classpath files(['C:\\\\Program Files\\\\Android\\\\Android Studio\\\\plugins\\\\android\\\\lib\\\\android.jar', 'C:\\\\Program Files\\\\Android\\\\Android Studio\\\\plugins\\\\android\\\\lib\\\\android.jar', 'C:\\\\Program Files\\\\Android\\\\Android Studio\\\\lib\\\\kotlin-stdlib-1.3.72.jar'])\n    }\n}\nallprojects {\n    apply plugin: com.android.ide.gradle.model.builder.AndroidStudioToolingPlugin\n}\n" 
2020-09-13 14:59:03,095 [ 400518]   INFO - xecution.GradleExecutionHelper - Passing command-line args to Gradle Tooling API: -Didea.sync.active=true -Porg.gradle.kotlin.dsl.provider.cid=913978796100 --init-script C:\Users\user1\AppData\Local\Temp\sync.studio.tooling.gradle -Djava.awt.headless=true --stacktrace -Pandroid.injected.build.model.only=true -Pandroid.injected.build.model.only.advanced=true -Pandroid.injected.invoked.from.ide=true -Pandroid.injected.build.model.only.versioned=3 -Pandroid.injected.studio.version=10.4.0.1 -Pandroid.injected.build.model.disable.src.download=true -Pidea.gradle.do.not.build.tasks=false -Dorg.gradle.internal.GradleProjectBuilderOptions=omit_all_tasks --init-script C:\Users\user1\AppData\Local\Temp\ijinit.gradle 
2020-09-13 15:00:29,273 [ 486696]   INFO - .deployment.AsyncDevicesGetter - adb not found 
2020-09-13 15:02:04,891 [ 582314]   INFO - testKnownPluginVersionProvider - 'gradle' plugin missing from the offline Maven repo, will use default 4.0.1 
2020-09-13 15:02:05,884 [ 583307]   INFO - System.util.ExternalSystemUtil - External project [C:/Users/user1/AndroidStudioProjects/MyApplication] resolution task executed in 243626 ms. 
2020-09-13 15:02:05,885 [ 583308]   INFO - e.project.sync.GradleSyncState - Started setup of project 'My Application'. 
2020-09-13 15:02:06,420 [ 583843]   INFO - .deployment.AsyncDevicesGetter - adb not found 
2020-09-13 15:02:06,703 [ 584126]   INFO - ge.ExternalProjectsDataStorage - Save external projects data in 284 ms 
2020-09-13 15:02:06,943 [ 584366]   WARN - com.intellij.util.xmlb.Binding - no accessors for class org.jetbrains.kotlin.idea.scripting.gradle.GradleScriptInputsWatcher$Storage 
2020-09-13 15:02:07,015 [ 584438]   WARN - com.intellij.util.xmlb.Binding - no accessors for class org.jetbrains.kotlin.idea.core.script.configuration.utils.ScriptClassRootsStorage 
2020-09-13 15:02:07,107 [ 584530]   INFO - rationStore.ComponentStoreImpl - Saving Project (name=My Application, containerState=ACTIVE, componentStore=C:\Users\user1\AndroidStudioProjects\MyApplication) ArtifactManager took 11 ms, ChangeListManager took 11 ms, CommittedChangesCache took 11 ms, GradleLocalSettings took 11 ms, GradleSettings took 17 ms, Kotlin2JvmCompilerArguments took 15 ms, ProjectCodeStyleConfiguration took 11 ms, ProjectView took 26 ms, TaskManager took 11 ms, XDebuggerManager took 42 ms 
2020-09-13 15:02:07,128 [ 584551]   INFO - .deployment.AsyncDevicesGetter - adb not found 
2020-09-13 15:02:07,292 [ 584715]   INFO - mponents.impl.stores.StoreUtil - saveProjectsAndApp took 1137 ms 
2020-09-13 15:02:07,414 [ 584837]   INFO - .deployment.AsyncDevicesGetter - adb not found 
2020-09-13 15:02:07,915 [ 585338]   INFO - .deployment.AsyncDevicesGetter - adb not found 
2020-09-13 15:02:08,407 [ 585830]   INFO - .deployment.AsyncDevicesGetter - adb not found 
2020-09-13 15:02:08,913 [ 586336]   INFO - .deployment.AsyncDevicesGetter - adb not found 
2020-09-13 15:02:09,421 [ 586844]   INFO - .deployment.AsyncDevicesGetter - adb not found 
2020-09-13 15:02:09,920 [ 587343]   INFO - .deployment.AsyncDevicesGetter - adb not found 
2020-09-13 15:02:10,421 [ 587844]   INFO - .deployment.AsyncDevicesGetter - adb not found 
2020-09-13 15:02:10,635 [ 588058]   INFO - ule.android.SdkModuleSetupStep - Set Android SDK 'Android API 30 Platform' (C:/Users/user1/AppData/Local/Android/Sdk) to module 'app' 
2020-09-13 15:02:11,693 [ 589116]   INFO - .deployment.AsyncDevicesGetter - adb not found 
2020-09-13 15:02:11,939 [ 589362]   INFO - .deployment.AsyncDevicesGetter - adb not found 
2020-09-13 15:02:12,443 [ 589866]   INFO - .deployment.AsyncDevicesGetter - adb not found 
2020-09-13 15:02:12,994 [ 590417]   INFO - pl.ProjectRootManagerComponent - project roots have changed 
2020-09-13 15:02:13,082 [ 590505]   INFO - testKnownPluginVersionProvider - 'gradle' plugin missing from the offline Maven repo, will use default 4.0.1 
2020-09-13 15:02:13,093 [ 590516]   INFO - .MemorySettingsPostSyncChecker - 64bits? : true, current: 1280, available RAM: 7998 
2020-09-13 15:02:13,097 [ 590520]   INFO - s.MemorySettingsRecommendation - recommendation based on machine: 1280, on project: 1280 
2020-09-13 15:02:13,174 [ 590597]   INFO - s.plugins.gradle.GradleManager - Instructing gradle to use java from C:/Program Files/Android/Android Studio/jre 
2020-09-13 15:02:13,182 [ 590605]   INFO - g.jetbrains.kotlin.idea.script - [kts] loading script definitions [] using cp:  
2020-09-13 15:02:13,223 [ 590646]   INFO - roid.tools.idea.adb.AdbService - Initializing adb using: C:\Users\user1\AppData\Local\Android\Sdk\platform-tools\adb.exe 
2020-09-13 15:02:13,512 [ 590935]   INFO - pl.ProjectRootManagerComponent - project roots have changed 
2020-09-13 15:02:13,546 [ 590969]   INFO - e.project.sync.GradleSyncState - Gradle sync finished in 4 m 12 s 558 ms 
2020-09-13 15:02:14,044 [ 591467]   INFO - roid.tools.ndk.GradleWorkspace - Updating model took 0.329s 
2020-09-13 15:02:14,545 [ 591968]   INFO - .diagnostic.PerformanceWatcher - Pushing properties took 9ms; general responsiveness: ok; EDT responsiveness: ok 
2020-09-13 15:02:14,586 [ 592009]   INFO - rationStore.ComponentStoreImpl - Saving Module: 'app'FacetManager took 11 ms, NewModuleRootManager took 25 ms 
2020-09-13 15:02:14,682 [ 592105]   INFO - rationStore.ComponentStoreImpl - Saving Project (name=My Application, containerState=ACTIVE, componentStore=C:\Users\user1\AndroidStudioProjects\MyApplication) RunManager took 64 ms 
2020-09-13 15:02:15,997 [ 593420]   WARN -            #com.android.ddmlib - * daemon not running; starting now at tcp:5037 
2020-09-13 15:02:20,024 [ 597447]   INFO - .diagnostic.PerformanceWatcher - Indexable file iteration took 5479ms; general responsiveness: ok; EDT responsiveness: ok 
2020-09-13 15:02:20,057 [ 597480]   INFO - indexing.UnindexedFilesUpdater - Unindexed files update started: 35022 files to update 
2020-09-13 15:02:21,207 [ 598630]   WARN -            #com.android.ddmlib - * daemon started successfully 
2020-09-13 15:02:21,224 [ 598647]   INFO -            #com.android.ddmlib - Connected to adb for device monitoring 
2020-09-13 15:02:21,435 [ 598858]   INFO - roid.tools.idea.adb.AdbService - Successfully connected to adb 
2020-09-13 15:02:21,677 [ 599100]   INFO - pl.ProjectRootManagerComponent - project roots have changed 
2020-09-13 15:02:21,679 [ 599102]   INFO - indexing.UnindexedFilesUpdater - Unindexed files update canceled 
2020-09-13 15:02:21,687 [ 599110]   INFO - g.FileBasedIndexProjectHandler - Reindexing refreshed files: 0 to update, calculated in 2ms 
2020-09-13 15:02:21,698 [ 599121]   INFO - .diagnostic.PerformanceWatcher - Pushing properties took 10ms; general responsiveness: ok; EDT responsiveness: ok 
2020-09-13 15:02:22,428 [ 599851]   INFO - .diagnostic.PerformanceWatcher - Indexable file iteration took 730ms; general responsiveness: ok; EDT responsiveness: ok 
2020-09-13 15:02:22,447 [ 599870]   INFO - indexing.UnindexedFilesUpdater - Unindexed files update started: 34479 files to update 
2020-09-13 15:02:45,105 [ 622528]   INFO - fs.newvfs.persistent.FSRecords - Contents:16384 of 137777364, reuses:763 of 1359795 for 1306 
2020-09-13 15:03:06,058 [ 643481]   INFO - .diagnostic.PerformanceWatcher - Unindexed files update took 43611ms; general responsiveness: ok; EDT responsiveness: ok 
2020-09-13 15:03:07,485 [ 644908]   WARN - dering.imagepool.ImagePoolImpl - 0 maxSize for Bucket. This Bucket will not be used. 
2020-09-13 15:15:03,225 [1360648]   INFO - il.indexing.FileBasedIndexImpl - START INDEX SHUTDOWN 
